<?xml version="1.0" encoding="UTF-8"?>
<testsuite xmlns:xsi="http://www.w3.org/2001/XMLSchema-instance" xsi:noNamespaceSchemaLocation="https://maven.apache.org/surefire/maven-surefire-plugin/xsd/surefire-test-report-3.0.xsd" version="3.0" name="org.keycloak.connections.jpa.util.JpaUtilsTest" time="0.179" tests="1" errors="0" skipped="0" failures="0">
  <properties>
    <property name="java.specification.version" value="17"/>
    <property name="sun.cpu.isalist" value="amd64"/>
    <property name="sun.jnu.encoding" value="MS949"/>
    <property name="user.region" value="US"/>
    <property name="java.class.path" value="C:\Users\tmax\IdeaProjects\keycloak\model\jpa\target\test-classes;C:\Users\tmax\IdeaProjects\keycloak\model\jpa\target\classes;C:\Users\tmax\.m2\repository\org\keycloak\keycloak-core\23.0.6\keycloak-core-23.0.6.jar;C:\Users\tmax\.m2\repository\org\keycloak\keycloak-common\23.0.6\keycloak-common-23.0.6.jar;C:\Users\tmax\.m2\repository\org\eclipse\microprofile\openapi\microprofile-openapi-api\3.1.1\microprofile-openapi-api-3.1.1.jar;C:\Users\tmax\.m2\repository\org\keycloak\keycloak-server-spi\23.0.6\keycloak-server-spi-23.0.6.jar;C:\Users\tmax\.m2\repository\org\keycloak\keycloak-server-spi-private\23.0.6\keycloak-server-spi-private-23.0.6.jar;C:\Users\tmax\.m2\repository\org\apache\httpcomponents\httpclient\4.5.14\httpclient-4.5.14.jar;C:\Users\tmax\.m2\repository\org\apache\httpcomponents\httpcore\4.4.16\httpcore-4.4.16.jar;C:\Users\tmax\.m2\repository\commons-logging\commons-logging\1.2\commons-logging-1.2.jar;C:\Users\tmax\.m2\repository\commons-codec\commons-codec\1.16.0\commons-codec-1.16.0.jar;C:\Users\tmax\.m2\repository\org\keycloak\keycloak-services\23.0.6\keycloak-services-23.0.6.jar;C:\Users\tmax\.m2\repository\jakarta\mail\jakarta.mail-api\2.1.1\jakarta.mail-api-2.1.1.jar;C:\Users\tmax\.m2\repository\org\eclipse\angus\angus-mail\2.0.1\angus-mail-2.0.1.jar;C:\Users\tmax\.m2\repository\org\twitter4j\twitter4j-core\4.1.2\twitter4j-core-4.1.2.jar;C:\Users\tmax\.m2\repository\org\jboss\logging\jboss-logging\3.5.1.Final\jboss-logging-3.5.1.Final.jar;C:\Users\tmax\.m2\repository\jakarta\ws\rs\jakarta.ws.rs-api\3.1.0\jakarta.ws.rs-api-3.1.0.jar;C:\Users\tmax\.m2\repository\jakarta\transaction\jakarta.transaction-api\2.0.1\jakarta.transaction-api-2.0.1.jar;C:\Users\tmax\.m2\repository\jakarta\xml\soap\jakarta.xml.soap-api\3.0.0\jakarta.xml.soap-api-3.0.0.jar;C:\Users\tmax\.m2\repository\org\jboss\resteasy\resteasy-multipart-provider\6.2.4.Final\resteasy-multipart-provider-6.2.4.Final.jar;C:\Users\tmax\.m2\repository\org\jboss\resteasy\resteasy-jaxb-provider\6.2.4.Final\resteasy-jaxb-provider-6.2.4.Final.jar;C:\Users\tmax\.m2\repository\org\glassfish\jaxb\codemodel\4.0.2\codemodel-4.0.2.jar;C:\Users\tmax\.m2\repository\org\glassfish\jaxb\jaxb-jxc\4.0.2\jaxb-jxc-4.0.2.jar;C:\Users\tmax\.m2\repository\org\glassfish\jaxb\txw2\4.0.3\txw2-4.0.3.jar;C:\Users\tmax\.m2\repository\org\glassfish\jaxb\jaxb-xjc\4.0.2\jaxb-xjc-4.0.2.jar;C:\Users\tmax\.m2\repository\org\glassfish\jaxb\xsom\2.3.3-b02\xsom-2.3.3-b02.jar;C:\Users\tmax\.m2\repository\com\sun\istack\istack-commons-runtime\3.0.10\istack-commons-runtime-3.0.10.jar;C:\Users\tmax\.m2\repository\com\sun\istack\istack-commons-tools\3.0.10\istack-commons-tools-3.0.10.jar;C:\Users\tmax\.m2\repository\com\sun\xml\bind\external\relaxng-datatype\4.0.2\relaxng-datatype-4.0.2.jar;C:\Users\tmax\.m2\repository\com\sun\xml\bind\external\rngom\2.3.3-b02\rngom-2.3.3-b02.jar;C:\Users\tmax\.m2\repository\org\apache\james\apache-mime4j-dom\0.8.9\apache-mime4j-dom-0.8.9.jar;C:\Users\tmax\.m2\repository\org\apache\james\apache-mime4j-core\0.8.9\apache-mime4j-core-0.8.9.jar;C:\Users\tmax\.m2\repository\org\apache\james\apache-mime4j-storage\0.8.9\apache-mime4j-storage-0.8.9.jar;C:\Users\tmax\.m2\repository\commons-io\commons-io\2.13.0\commons-io-2.13.0.jar;C:\Users\tmax\.m2\repository\com\googlecode\owasp-java-html-sanitizer\owasp-java-html-sanitizer\20220608.1\owasp-java-html-sanitizer-20220608.1.jar;C:\Users\tmax\.m2\repository\com\google\guava\guava\32.0.0-jre\guava-32.0.0-jre.jar;C:\Users\tmax\.m2\repository\com\google\guava\failureaccess\1.0.1\failureaccess-1.0.1.jar;C:\Users\tmax\.m2\repository\com\google\errorprone\error_prone_annotations\2.19.1\error_prone_annotations-2.19.1.jar;C:\Users\tmax\.m2\repository\com\google\j2objc\j2objc-annotations\2.8\j2objc-annotations-2.8.jar;C:\Users\tmax\.m2\repository\com\fasterxml\jackson\core\jackson-annotations\2.15.2\jackson-annotations-2.15.2.jar;C:\Users\tmax\.m2\repository\javax\annotation\javax.annotation-api\1.3.2\javax.annotation-api-1.3.2.jar;C:\Users\tmax\.m2\repository\com\fasterxml\jackson\datatype\jackson-datatype-jdk8\2.15.2\jackson-datatype-jdk8-2.15.2.jar;C:\Users\tmax\.m2\repository\com\google\zxing\javase\3.4.0\javase-3.4.0.jar;C:\Users\tmax\.m2\repository\com\google\zxing\core\3.4.0\core-3.4.0.jar;C:\Users\tmax\.m2\repository\com\github\jai-imageio\jai-imageio-core\1.4.0\jai-imageio-core-1.4.0.jar;C:\Users\tmax\.m2\repository\com\webauthn4j\webauthn4j-core\0.21.5.RELEASE\webauthn4j-core-0.21.5.RELEASE.jar;C:\Users\tmax\.m2\repository\com\webauthn4j\webauthn4j-util\0.21.5.RELEASE\webauthn4j-util-0.21.5.RELEASE.jar;C:\Users\tmax\.m2\repository\org\apache\kerby\kerby-asn1\2.0.3\kerby-asn1-2.0.3.jar;C:\Users\tmax\.m2\repository\com\fasterxml\jackson\dataformat\jackson-dataformat-cbor\2.15.2\jackson-dataformat-cbor-2.15.2.jar;C:\Users\tmax\.m2\repository\org\checkerframework\checker-qual\3.34.0\checker-qual-3.34.0.jar;C:\Users\tmax\.m2\repository\com\github\ua-parser\uap-java\1.5.4\uap-java-1.5.4.jar;C:\Users\tmax\.m2\repository\org\yaml\snakeyaml\2.0\snakeyaml-2.0.jar;C:\Users\tmax\.m2\repository\io\smallrye\common\smallrye-common-annotation\2.1.0\smallrye-common-annotation-2.1.0.jar;C:\Users\tmax\.m2\repository\org\keycloak\keycloak-model-legacy\23.0.6\keycloak-model-legacy-23.0.6.jar;C:\Users\tmax\.m2\repository\org\keycloak\keycloak-model-legacy-private\23.0.6\keycloak-model-legacy-private-23.0.6.jar;C:\Users\tmax\.m2\repository\org\liquibase\liquibase-core\4.23.2\liquibase-core-4.23.2.jar;C:\Users\tmax\.m2\repository\com\opencsv\opencsv\5.7.1\opencsv-5.7.1.jar;C:\Users\tmax\.m2\repository\org\apache\commons\commons-lang3\3.12.0\commons-lang3-3.12.0.jar;C:\Users\tmax\.m2\repository\org\apache\commons\commons-collections4\4.4\commons-collections4-4.4.jar;C:\Users\tmax\.m2\repository\javax\xml\bind\jaxb-api\2.3.1\jaxb-api-2.3.1.jar;C:\Users\tmax\.m2\repository\javax\activation\javax.activation-api\1.2.0\javax.activation-api-1.2.0.jar;C:\Users\tmax\.m2\repository\jakarta\persistence\jakarta.persistence-api\3.1.0\jakarta.persistence-api-3.1.0.jar;C:\Users\tmax\.m2\repository\org\hibernate\orm\hibernate-core\6.2.18.Final\hibernate-core-6.2.18.Final.jar;C:\Users\tmax\.m2\repository\org\hibernate\common\hibernate-commons-annotations\6.0.6.Final\hibernate-commons-annotations-6.0.6.Final.jar;C:\Users\tmax\.m2\repository\io\smallrye\jandex\3.1.6\jandex-3.1.6.jar;C:\Users\tmax\.m2\repository\com\fasterxml\classmate\1.5.1\classmate-1.5.1.jar;C:\Users\tmax\.m2\repository\net\bytebuddy\byte-buddy\1.14.7\byte-buddy-1.14.7.jar;C:\Users\tmax\.m2\repository\jakarta\xml\bind\jakarta.xml.bind-api\4.0.0\jakarta.xml.bind-api-4.0.0.jar;C:\Users\tmax\.m2\repository\org\glassfish\jaxb\jaxb-runtime\4.0.3\jaxb-runtime-4.0.3.jar;C:\Users\tmax\.m2\repository\org\glassfish\jaxb\jaxb-core\4.0.3\jaxb-core-4.0.3.jar;C:\Users\tmax\.m2\repository\jakarta\inject\jakarta.inject-api\2.0.1\jakarta.inject-api-2.0.1.jar;C:\Users\tmax\.m2\repository\org\antlr\antlr4-runtime\4.10.1\antlr4-runtime-4.10.1.jar;C:\Users\tmax\.m2\repository\org\jboss\resteasy\resteasy-core\6.2.4.Final\resteasy-core-6.2.4.Final.jar;C:\Users\tmax\.m2\repository\jakarta\annotation\jakarta.annotation-api\2.1.1\jakarta.annotation-api-2.1.1.jar;C:\Users\tmax\.m2\repository\org\jboss\resteasy\resteasy-core-spi\6.2.7.Final\resteasy-core-spi-6.2.7.Final.jar;C:\Users\tmax\.m2\repository\org\reactivestreams\reactive-streams\1.0.4\reactive-streams-1.0.4.jar;C:\Users\tmax\.m2\repository\jakarta\activation\jakarta.activation-api\2.1.2\jakarta.activation-api-2.1.2.jar;C:\Users\tmax\.m2\repository\org\eclipse\angus\angus-activation\2.0.1\angus-activation-2.0.1.jar;C:\Users\tmax\.m2\repository\jakarta\validation\jakarta.validation-api\3.0.2\jakarta.validation-api-3.0.2.jar;C:\Users\tmax\.m2\repository\com\ibm\async\asyncutil\0.1.0\asyncutil-0.1.0.jar;C:\Users\tmax\.m2\repository\com\fasterxml\jackson\core\jackson-databind\2.15.2\jackson-databind-2.15.2.jar;C:\Users\tmax\.m2\repository\com\fasterxml\jackson\core\jackson-core\2.15.2\jackson-core-2.15.2.jar;C:\Users\tmax\.m2\repository\junit\junit\4.13.2\junit-4.13.2.jar;C:\Users\tmax\.m2\repository\org\hamcrest\hamcrest-core\1.3\hamcrest-core-1.3.jar;C:\Users\tmax\.m2\repository\org\hamcrest\hamcrest\2.2\hamcrest-2.2.jar;C:\Users\tmax\.m2\repository\org\jboss\logmanager\jboss-logmanager\2.1.19.Final\jboss-logmanager-2.1.19.Final.jar;C:\Users\tmax\.m2\repository\org\wildfly\common\wildfly-common\1.5.4.Final-format-001\wildfly-common-1.5.4.Final-format-001.jar;C:\Users\tmax\.m2\repository\org\slf4j\slf4j-api\2.0.6\slf4j-api-2.0.6.jar;C:\Users\tmax\.m2\repository\org\slf4j\slf4j-reload4j\2.0.6\slf4j-reload4j-2.0.6.jar;C:\Users\tmax\.m2\repository\ch\qos\reload4j\reload4j\1.2.22\reload4j-1.2.22.jar;C:\Users\tmax\.m2\repository\com\h2database\h2\2.2.224\h2-2.2.224.jar;"/>
    <property name="java.vm.vendor" value="Oracle Corporation"/>
    <property name="sun.arch.data.model" value="64"/>
    <property name="user.variant" value=""/>
    <property name="java.vendor.url" value="https://java.oracle.com/"/>
    <property name="user.timezone" value="Asia/Seoul"/>
    <property name="org.jboss.logging.provider" value="jboss"/>
    <property name="keycloak.connectionsJpa.default.url" value="jdbc:h2:mem:test;DB_CLOSE_DELAY=-1"/>
    <property name="os.name" value="Windows 10"/>
    <property name="java.vm.specification.version" value="17"/>
    <property name="sun.java.launcher" value="SUN_STANDARD"/>
    <property name="user.country" value="KR"/>
    <property name="sun.boot.library.path" value="C:\Users\tmax\.jdks\openjdk-17.0.1\bin"/>
    <property name="sun.java.command" value="C:\Users\tmax\AppData\Local\Temp\surefire12919164941171593346\surefirebooter-20240409094543997_3.jar C:\Users\tmax\AppData\Local\Temp\surefire12919164941171593346 2024-04-09T09-45-43_740-jvmRun1 surefire-20240409094543997_1tmp surefire_0-20240409094543997_2tmp"/>
    <property name="jdk.debug" value="release"/>
    <property name="surefire.test.class.path" value="C:\Users\tmax\IdeaProjects\keycloak\model\jpa\target\test-classes;C:\Users\tmax\IdeaProjects\keycloak\model\jpa\target\classes;C:\Users\tmax\.m2\repository\org\keycloak\keycloak-core\23.0.6\keycloak-core-23.0.6.jar;C:\Users\tmax\.m2\repository\org\keycloak\keycloak-common\23.0.6\keycloak-common-23.0.6.jar;C:\Users\tmax\.m2\repository\org\eclipse\microprofile\openapi\microprofile-openapi-api\3.1.1\microprofile-openapi-api-3.1.1.jar;C:\Users\tmax\.m2\repository\org\keycloak\keycloak-server-spi\23.0.6\keycloak-server-spi-23.0.6.jar;C:\Users\tmax\.m2\repository\org\keycloak\keycloak-server-spi-private\23.0.6\keycloak-server-spi-private-23.0.6.jar;C:\Users\tmax\.m2\repository\org\apache\httpcomponents\httpclient\4.5.14\httpclient-4.5.14.jar;C:\Users\tmax\.m2\repository\org\apache\httpcomponents\httpcore\4.4.16\httpcore-4.4.16.jar;C:\Users\tmax\.m2\repository\commons-logging\commons-logging\1.2\commons-logging-1.2.jar;C:\Users\tmax\.m2\repository\commons-codec\commons-codec\1.16.0\commons-codec-1.16.0.jar;C:\Users\tmax\.m2\repository\org\keycloak\keycloak-services\23.0.6\keycloak-services-23.0.6.jar;C:\Users\tmax\.m2\repository\jakarta\mail\jakarta.mail-api\2.1.1\jakarta.mail-api-2.1.1.jar;C:\Users\tmax\.m2\repository\org\eclipse\angus\angus-mail\2.0.1\angus-mail-2.0.1.jar;C:\Users\tmax\.m2\repository\org\twitter4j\twitter4j-core\4.1.2\twitter4j-core-4.1.2.jar;C:\Users\tmax\.m2\repository\org\jboss\logging\jboss-logging\3.5.1.Final\jboss-logging-3.5.1.Final.jar;C:\Users\tmax\.m2\repository\jakarta\ws\rs\jakarta.ws.rs-api\3.1.0\jakarta.ws.rs-api-3.1.0.jar;C:\Users\tmax\.m2\repository\jakarta\transaction\jakarta.transaction-api\2.0.1\jakarta.transaction-api-2.0.1.jar;C:\Users\tmax\.m2\repository\jakarta\xml\soap\jakarta.xml.soap-api\3.0.0\jakarta.xml.soap-api-3.0.0.jar;C:\Users\tmax\.m2\repository\org\jboss\resteasy\resteasy-multipart-provider\6.2.4.Final\resteasy-multipart-provider-6.2.4.Final.jar;C:\Users\tmax\.m2\repository\org\jboss\resteasy\resteasy-jaxb-provider\6.2.4.Final\resteasy-jaxb-provider-6.2.4.Final.jar;C:\Users\tmax\.m2\repository\org\glassfish\jaxb\codemodel\4.0.2\codemodel-4.0.2.jar;C:\Users\tmax\.m2\repository\org\glassfish\jaxb\jaxb-jxc\4.0.2\jaxb-jxc-4.0.2.jar;C:\Users\tmax\.m2\repository\org\glassfish\jaxb\txw2\4.0.3\txw2-4.0.3.jar;C:\Users\tmax\.m2\repository\org\glassfish\jaxb\jaxb-xjc\4.0.2\jaxb-xjc-4.0.2.jar;C:\Users\tmax\.m2\repository\org\glassfish\jaxb\xsom\2.3.3-b02\xsom-2.3.3-b02.jar;C:\Users\tmax\.m2\repository\com\sun\istack\istack-commons-runtime\3.0.10\istack-commons-runtime-3.0.10.jar;C:\Users\tmax\.m2\repository\com\sun\istack\istack-commons-tools\3.0.10\istack-commons-tools-3.0.10.jar;C:\Users\tmax\.m2\repository\com\sun\xml\bind\external\relaxng-datatype\4.0.2\relaxng-datatype-4.0.2.jar;C:\Users\tmax\.m2\repository\com\sun\xml\bind\external\rngom\2.3.3-b02\rngom-2.3.3-b02.jar;C:\Users\tmax\.m2\repository\org\apache\james\apache-mime4j-dom\0.8.9\apache-mime4j-dom-0.8.9.jar;C:\Users\tmax\.m2\repository\org\apache\james\apache-mime4j-core\0.8.9\apache-mime4j-core-0.8.9.jar;C:\Users\tmax\.m2\repository\org\apache\james\apache-mime4j-storage\0.8.9\apache-mime4j-storage-0.8.9.jar;C:\Users\tmax\.m2\repository\commons-io\commons-io\2.13.0\commons-io-2.13.0.jar;C:\Users\tmax\.m2\repository\com\googlecode\owasp-java-html-sanitizer\owasp-java-html-sanitizer\20220608.1\owasp-java-html-sanitizer-20220608.1.jar;C:\Users\tmax\.m2\repository\com\google\guava\guava\32.0.0-jre\guava-32.0.0-jre.jar;C:\Users\tmax\.m2\repository\com\google\guava\failureaccess\1.0.1\failureaccess-1.0.1.jar;C:\Users\tmax\.m2\repository\com\google\errorprone\error_prone_annotations\2.19.1\error_prone_annotations-2.19.1.jar;C:\Users\tmax\.m2\repository\com\google\j2objc\j2objc-annotations\2.8\j2objc-annotations-2.8.jar;C:\Users\tmax\.m2\repository\com\fasterxml\jackson\core\jackson-annotations\2.15.2\jackson-annotations-2.15.2.jar;C:\Users\tmax\.m2\repository\javax\annotation\javax.annotation-api\1.3.2\javax.annotation-api-1.3.2.jar;C:\Users\tmax\.m2\repository\com\fasterxml\jackson\datatype\jackson-datatype-jdk8\2.15.2\jackson-datatype-jdk8-2.15.2.jar;C:\Users\tmax\.m2\repository\com\google\zxing\javase\3.4.0\javase-3.4.0.jar;C:\Users\tmax\.m2\repository\com\google\zxing\core\3.4.0\core-3.4.0.jar;C:\Users\tmax\.m2\repository\com\github\jai-imageio\jai-imageio-core\1.4.0\jai-imageio-core-1.4.0.jar;C:\Users\tmax\.m2\repository\com\webauthn4j\webauthn4j-core\0.21.5.RELEASE\webauthn4j-core-0.21.5.RELEASE.jar;C:\Users\tmax\.m2\repository\com\webauthn4j\webauthn4j-util\0.21.5.RELEASE\webauthn4j-util-0.21.5.RELEASE.jar;C:\Users\tmax\.m2\repository\org\apache\kerby\kerby-asn1\2.0.3\kerby-asn1-2.0.3.jar;C:\Users\tmax\.m2\repository\com\fasterxml\jackson\dataformat\jackson-dataformat-cbor\2.15.2\jackson-dataformat-cbor-2.15.2.jar;C:\Users\tmax\.m2\repository\org\checkerframework\checker-qual\3.34.0\checker-qual-3.34.0.jar;C:\Users\tmax\.m2\repository\com\github\ua-parser\uap-java\1.5.4\uap-java-1.5.4.jar;C:\Users\tmax\.m2\repository\org\yaml\snakeyaml\2.0\snakeyaml-2.0.jar;C:\Users\tmax\.m2\repository\io\smallrye\common\smallrye-common-annotation\2.1.0\smallrye-common-annotation-2.1.0.jar;C:\Users\tmax\.m2\repository\org\keycloak\keycloak-model-legacy\23.0.6\keycloak-model-legacy-23.0.6.jar;C:\Users\tmax\.m2\repository\org\keycloak\keycloak-model-legacy-private\23.0.6\keycloak-model-legacy-private-23.0.6.jar;C:\Users\tmax\.m2\repository\org\liquibase\liquibase-core\4.23.2\liquibase-core-4.23.2.jar;C:\Users\tmax\.m2\repository\com\opencsv\opencsv\5.7.1\opencsv-5.7.1.jar;C:\Users\tmax\.m2\repository\org\apache\commons\commons-lang3\3.12.0\commons-lang3-3.12.0.jar;C:\Users\tmax\.m2\repository\org\apache\commons\commons-collections4\4.4\commons-collections4-4.4.jar;C:\Users\tmax\.m2\repository\javax\xml\bind\jaxb-api\2.3.1\jaxb-api-2.3.1.jar;C:\Users\tmax\.m2\repository\javax\activation\javax.activation-api\1.2.0\javax.activation-api-1.2.0.jar;C:\Users\tmax\.m2\repository\jakarta\persistence\jakarta.persistence-api\3.1.0\jakarta.persistence-api-3.1.0.jar;C:\Users\tmax\.m2\repository\org\hibernate\orm\hibernate-core\6.2.18.Final\hibernate-core-6.2.18.Final.jar;C:\Users\tmax\.m2\repository\org\hibernate\common\hibernate-commons-annotations\6.0.6.Final\hibernate-commons-annotations-6.0.6.Final.jar;C:\Users\tmax\.m2\repository\io\smallrye\jandex\3.1.6\jandex-3.1.6.jar;C:\Users\tmax\.m2\repository\com\fasterxml\classmate\1.5.1\classmate-1.5.1.jar;C:\Users\tmax\.m2\repository\net\bytebuddy\byte-buddy\1.14.7\byte-buddy-1.14.7.jar;C:\Users\tmax\.m2\repository\jakarta\xml\bind\jakarta.xml.bind-api\4.0.0\jakarta.xml.bind-api-4.0.0.jar;C:\Users\tmax\.m2\repository\org\glassfish\jaxb\jaxb-runtime\4.0.3\jaxb-runtime-4.0.3.jar;C:\Users\tmax\.m2\repository\org\glassfish\jaxb\jaxb-core\4.0.3\jaxb-core-4.0.3.jar;C:\Users\tmax\.m2\repository\jakarta\inject\jakarta.inject-api\2.0.1\jakarta.inject-api-2.0.1.jar;C:\Users\tmax\.m2\repository\org\antlr\antlr4-runtime\4.10.1\antlr4-runtime-4.10.1.jar;C:\Users\tmax\.m2\repository\org\jboss\resteasy\resteasy-core\6.2.4.Final\resteasy-core-6.2.4.Final.jar;C:\Users\tmax\.m2\repository\jakarta\annotation\jakarta.annotation-api\2.1.1\jakarta.annotation-api-2.1.1.jar;C:\Users\tmax\.m2\repository\org\jboss\resteasy\resteasy-core-spi\6.2.7.Final\resteasy-core-spi-6.2.7.Final.jar;C:\Users\tmax\.m2\repository\org\reactivestreams\reactive-streams\1.0.4\reactive-streams-1.0.4.jar;C:\Users\tmax\.m2\repository\jakarta\activation\jakarta.activation-api\2.1.2\jakarta.activation-api-2.1.2.jar;C:\Users\tmax\.m2\repository\org\eclipse\angus\angus-activation\2.0.1\angus-activation-2.0.1.jar;C:\Users\tmax\.m2\repository\jakarta\validation\jakarta.validation-api\3.0.2\jakarta.validation-api-3.0.2.jar;C:\Users\tmax\.m2\repository\com\ibm\async\asyncutil\0.1.0\asyncutil-0.1.0.jar;C:\Users\tmax\.m2\repository\com\fasterxml\jackson\core\jackson-databind\2.15.2\jackson-databind-2.15.2.jar;C:\Users\tmax\.m2\repository\com\fasterxml\jackson\core\jackson-core\2.15.2\jackson-core-2.15.2.jar;C:\Users\tmax\.m2\repository\junit\junit\4.13.2\junit-4.13.2.jar;C:\Users\tmax\.m2\repository\org\hamcrest\hamcrest-core\1.3\hamcrest-core-1.3.jar;C:\Users\tmax\.m2\repository\org\hamcrest\hamcrest\2.2\hamcrest-2.2.jar;C:\Users\tmax\.m2\repository\org\jboss\logmanager\jboss-logmanager\2.1.19.Final\jboss-logmanager-2.1.19.Final.jar;C:\Users\tmax\.m2\repository\org\wildfly\common\wildfly-common\1.5.4.Final-format-001\wildfly-common-1.5.4.Final-format-001.jar;C:\Users\tmax\.m2\repository\org\slf4j\slf4j-api\2.0.6\slf4j-api-2.0.6.jar;C:\Users\tmax\.m2\repository\org\slf4j\slf4j-reload4j\2.0.6\slf4j-reload4j-2.0.6.jar;C:\Users\tmax\.m2\repository\ch\qos\reload4j\reload4j\1.2.22\reload4j-1.2.22.jar;C:\Users\tmax\.m2\repository\com\h2database\h2\2.2.224\h2-2.2.224.jar;"/>
    <property name="sun.cpu.endian" value="little"/>
    <property name="user.home" value="C:\Users\tmax"/>
    <property name="user.language" value="en"/>
    <property name="keycloak.connectionsJpa.default.password" value=""/>
    <property name="java.specification.vendor" value="Oracle Corporation"/>
    <property name="keycloak.connectionsJpa.default.database" value="keycloak"/>
    <property name="java.version.date" value="2021-10-19"/>
    <property name="java.home" value="C:\Users\tmax\.jdks\openjdk-17.0.1"/>
    <property name="file.separator" value="\"/>
    <property name="basedir" value="C:\Users\tmax\IdeaProjects\keycloak\model\jpa"/>
    <property name="java.vm.compressedOopsMode" value="32-bit"/>
    <property name="line.separator" value="&#10;"/>
    <property name="java.vm.specification.vendor" value="Oracle Corporation"/>
    <property name="java.specification.name" value="Java Platform API Specification"/>
    <property name="java.awt.headless" value="true"/>
    <property name="surefire.real.class.path" value="C:\Users\tmax\AppData\Local\Temp\surefire12919164941171593346\surefirebooter-20240409094543997_3.jar"/>
    <property name="user.script" value=""/>
    <property name="keycloak.connectionsJpa.default.driver" value="org.h2.Driver"/>
    <property name="sun.management.compiler" value="HotSpot 64-Bit Tiered Compilers"/>
    <property name="java.runtime.version" value="17.0.1+12-39"/>
    <property name="user.name" value="tmax"/>
    <property name="path.separator" value=";"/>
    <property name="keycloak.connectionsJpa.default.user" value="sa"/>
    <property name="os.version" value="10.0"/>
    <property name="java.runtime.name" value="OpenJDK Runtime Environment"/>
    <property name="file.encoding" value="MS949"/>
    <property name="java.vm.name" value="OpenJDK 64-Bit Server VM"/>
    <property name="localRepository" value="C:\Users\tmax\.m2\repository"/>
    <property name="java.vendor.url.bug" value="https://bugreport.java.com/bugreport/"/>
    <property name="java.io.tmpdir" value="C:\Users\tmax\IdeaProjects\keycloak\model\jpa\target"/>
    <property name="idea.version" value="2021.2"/>
    <property name="java.version" value="17.0.1"/>
    <property name="user.dir" value="C:\Users\tmax\IdeaProjects\keycloak\model\jpa"/>
    <property name="os.arch" value="amd64"/>
    <property name="java.vm.specification.name" value="Java Virtual Machine Specification"/>
    <property name="sun.os.patch.level" value=""/>
    <property name="native.encoding" value="MS949"/>
    <property name="java.util.logging.manager" value="org.jboss.logmanager.LogManager"/>
    <property name="java.library.path" value="C:\Users\tmax\.jdks\openjdk-17.0.1\bin;C:\WINDOWS\Sun\Java\bin;C:\WINDOWS\system32;C:\WINDOWS;C:\Program Files\Microsoft SDKs\Azure\CLI2\wbin;C:\WINDOWS\system32;C:\WINDOWS;C:\WINDOWS\System32\Wbem;C:\WINDOWS\System32\WindowsPowerShell\v1.0\;C:\WINDOWS\System32\OpenSSH\;C:\Program Files\PuTTY\;C:\Program Files\dotnet\;C:\Users\tmax\.jdks\openjdk-17.0.1\bin;C:\Program Files\Git\cmd;C:\Gradle\gradle-7.5.1bin;C:\Program Files\nodejs\;C:\Program Files\java\script;C:\protoc-24.3-win64\bin;C:\ProgramData\chocolatey\bin;%MAVEN_HOME%\bin;C:\Program Files\MySQL\MySQL Shell 8.0\bin\;C:\Users\tmax\AppData\Local\Microsoft\WindowsApps;C:\Program Files\Bandizip\;C:\rhoas;C:\Users\tmax\apache-maven-3.8.5\bin;C:\Terraform;C:\Users\tmax\.jdks\openjdk-17.0.1\bin\;C:\Users\tmax\AppData\Local\Programs\Microsoft VS Code\bin;C:\Users\tmax\AppData\Roaming\npm;C:\protoc-24.3-win64\bin;C:\Program Files\Java\script;;."/>
    <property name="java.vm.info" value="mixed mode, sharing"/>
    <property name="java.vendor" value="Oracle Corporation"/>
    <property name="java.vm.version" value="17.0.1+12-39"/>
    <property name="sun.io.unicode.encoding" value="UnicodeLittle"/>
    <property name="java.class.version" value="61.0"/>
  </properties>
  <testcase name="testConvertTableName" classname="org.keycloak.connections.jpa.util.JpaUtilsTest" time="0.115"/>
</testsuite>